0 silly argv { _: [ 'publish' ],
0 silly argv   'conventional-commits': true,
0 silly argv   conventionalCommits: true,
0 silly argv   'force-publish': true,
0 silly argv   forcePublish: true,
0 silly argv   yes: true,
0 silly argv   y: true,
0 silly argv   composed: 'publish',
0 silly argv   lernaVersion: '3.20.2',
0 silly argv   '$0': '../../.nvm/versions/node/v10.13.0/bin/lerna' }
1 notice cli v3.20.2
2 verbose rootPath /home/gaurav/workspace/flair
3 info versioning independent
4 verbose session 85368991a01b5cbc
5 verbose user-agent lerna/3.20.2/node@v10.13.0+x64 (linux)
6 silly argv { _: [ 'publish' ],
6 silly argv   'conventional-commits': true,
6 silly argv   conventionalCommits: true,
6 silly argv   'force-publish': true,
6 silly argv   forcePublish: true,
6 silly argv   yes: true,
6 silly argv   y: true,
6 silly argv   composed: 'publish',
6 silly argv   lernaVersion: '3.20.2' }
7 verbose rootPath /home/gaurav/workspace/flair
8 silly isAnythingCommitted
9 verbose isAnythingCommitted 1
10 silly currentBranch
11 verbose currentBranch master
12 silly remoteBranchExists
13 silly isBehindUpstream
14 silly isBehindUpstream master is behind origin/master by 0 commit(s) and ahead by 0
15 silly hasTags
16 verbose hasTags true
17 silly git-describe.sync "@flair-test/core@0.3.3-0-g41030a5-dirty" => {"lastTagName":"@flair-test/core@0.3.3","lastVersion":"0.3.3","refCount":"0","sha":"41030a5","isDirty":true}
18 warn force-publish all packages
19 info Assuming all packages changed
20 verbose updated @flair-test/core
21 verbose updated @flair-test/ui
22 silly independent for @flair-test/core at /home/gaurav/workspace/flair/libs/core
23 verbose getChangelogConfig using preset "conventional-changelog-angular"
24 silly npa Result {
24 silly npa   type: 'tag',
24 silly npa   registry: true,
24 silly npa   where: undefined,
24 silly npa   raw: 'conventional-changelog-angular',
24 silly npa   name: 'conventional-changelog-angular',
24 silly npa   escapedName: 'conventional-changelog-angular',
24 silly npa   scope: undefined,
24 silly npa   rawSpec: '',
24 silly npa   saveSpec: null,
24 silly npa   fetchSpec: 'latest',
24 silly npa   gitRange: undefined,
24 silly npa   gitCommittish: undefined,
24 silly npa   hosted: undefined }
25 verbose getChangelogConfig Attempting to resolve preset "conventional-changelog-angular"
26 info getChangelogConfig Successfully resolved preset "conventional-changelog-angular"
27 verbose independent increment 0.3.3 by patch
28 silly independent for @flair-test/ui at /home/gaurav/workspace/flair/libs/ui
29 verbose independent increment 0.3.2 by patch
30 info auto-confirmed
31 info execute Skipping releases
32 silly lifecycle No script for "preversion" in "flair", continuing
33 silly lifecycle No script for "preversion" in "@flair-test/core", continuing
34 silly lifecycle No script for "preversion" in "@flair-test/ui", continuing
35 silly lifecycle No script for "version" in "@flair-test/core", continuing
36 silly independent for @flair-test/core at /home/gaurav/workspace/flair/libs/core
37 silly lifecycle No script for "version" in "@flair-test/ui", continuing
38 silly independent for @flair-test/ui at /home/gaurav/workspace/flair/libs/ui
39 silly independent writing new entry: "## [0.3.4](https://github.com/gauravsoni119/flair/compare/@flair-test/core@0.3.3...@flair-test/core@0.3.4) (2020-02-09)\n\n**Note:** Version bump only for package @flair-test/core\n\n\n\n"
40 silly independent writing new entry: "## [0.3.3](https://github.com/gauravsoni119/flair/compare/@flair-test/ui@0.3.2...@flair-test/ui@0.3.3) (2020-02-09)\n\n**Note:** Version bump only for package @flair-test/ui\n\n\n\n"
41 verbose independent wrote /home/gaurav/workspace/flair/libs/core/CHANGELOG.md
42 verbose independent wrote /home/gaurav/workspace/flair/libs/ui/CHANGELOG.md
43 silly lifecycle No script for "version" in "flair", continuing
44 silly gitAdd [ '/home/gaurav/workspace/flair/libs/core/package.json',
44 silly gitAdd   '/home/gaurav/workspace/flair/libs/ui/package.json',
44 silly gitAdd   '/home/gaurav/workspace/flair/libs/core/CHANGELOG.md',
44 silly gitAdd   '/home/gaurav/workspace/flair/libs/ui/CHANGELOG.md' ]
45 silly gitCommit chore(release): publish
45 silly gitCommit
45 silly gitCommit  - @flair-test/core@0.3.4
45 silly gitCommit  - @flair-test/ui@0.3.3
46 verbose git [ 'commit',
46 verbose git   '-F',
46 verbose git   '/tmp/8181b8bb-4c7e-4f14-ad10-cc36e8ef9a8a/lerna-commit.txt' ]
47 silly gitTag @flair-test/core@0.3.4
48 verbose git [ 'tag',
48 verbose git   '@flair-test/core@0.3.4',
48 verbose git   '-m',
48 verbose git   '@flair-test/core@0.3.4' ]
49 silly gitTag @flair-test/ui@0.3.3
50 verbose git [ 'tag', '@flair-test/ui@0.3.3', '-m', '@flair-test/ui@0.3.3' ]
51 silly lifecycle No script for "postversion" in "@flair-test/core", continuing
52 silly lifecycle No script for "postversion" in "@flair-test/ui", continuing
53 silly lifecycle No script for "postversion" in "flair", continuing
54 info git Pushing tags...
55 silly gitPush origin master
56 info publish Publishing packages to npm...
57 info Verifying npm credentials
58 verbose Retrieving npm user profile
59 http fetch GET 200 https://registry.npmjs.org/-/npm/v1/user 926ms
60 silly npm profile get received {"tfa":false,"name":"gauravsoni119","email":"sonigaurav119@gmail.com","email_verified":true,"created":"2016-10-06T17:45:40.353Z","updated":"2019-04-11T06:17:37.148Z","cidr_whitelist":null}
61 silly get npm username received {"username":"gauravsoni119","tfa":false,"name":"gauravsoni119","email":"sonigaurav119@gmail.com","email_verified":true,"created":"2016-10-06T17:45:40.353Z","updated":"2019-04-11T06:17:37.148Z","cidr_whitelist":null}
62 silly verifyNpmPackageAccess
63 http fetch GET 200 https://registry.npmjs.org/-/org/gauravsoni119/package?format=cli 867ms
64 info Checking two-factor auth mode
65 verbose Retrieving npm user profile
66 http fetch GET 200 https://registry.npmjs.org/-/npm/v1/user 295ms
67 silly npm profile get received {"tfa":false,"name":"gauravsoni119","email":"sonigaurav119@gmail.com","email_verified":true,"created":"2016-10-06T17:45:40.353Z","updated":"2019-04-11T06:17:37.148Z","cidr_whitelist":null}
68 silly 2FA false
69 silly getCurrentSHA
70 verbose getCurrentSHA d5a71f3affc0882d7d844b3be2b399c735b93601
71 silly lifecycle No script for "prepublish" in "flair", continuing
72 silly lifecycle No script for "prepare" in "flair", continuing
73 silly lifecycle No script for "prepublishOnly" in "flair", continuing
74 silly lifecycle No script for "prepack" in "flair", continuing
75 verbose pack-directory dist/libs/*
76 verbose pack-directory dist/libs/*
77 silly lifecycle No script for "prepublish" in "@flair-test/core", continuing
78 silly lifecycle No script for "prepublish" in "@flair-test/ui", continuing
79 silly lifecycle No script for "prepare" in "@flair-test/core", continuing
80 silly lifecycle No script for "prepare" in "@flair-test/ui", continuing
81 silly lifecycle No script for "prepublishOnly" in "@flair-test/ui", continuing
82 silly lifecycle No script for "prepublishOnly" in "@flair-test/core", continuing
83 silly lifecycle No script for "prepack" in "@flair-test/ui", continuing
84 silly lifecycle No script for "prepack" in "@flair-test/core", continuing
85 silly lifecycle No script for "postpack" in "@flair-test/core", continuing
86 verbose packed dist/libs/*
87 silly lifecycle No script for "postpack" in "@flair-test/ui", continuing
88 verbose packed dist/libs/*
89 silly lifecycle No script for "postpack" in "flair", continuing
90 verbose publish @flair-test/core
91 verbose publish @flair-test/ui
92 error
